<?xml version="1.0" encoding="UTF-8"?>
<!-- Generated by org.testng.reporters.JUnitReportReporter -->
<testsuite hostname="US-PF2HMW22" failures="2" tests="2" name="runner.RunCukesTest" time="139.702" errors="0" timestamp="2023-04-05T10:03:30 COT" skipped="0">
  <testcase classname="runner.RunCukesTest" name="runScenario" time="73.252">
    <failure message="expected [Por favor ingrese el APIS/TSA en la reserva] but found [La reserva no tiene cupo confirmado]" type="java.lang.AssertionError">
      <![CDATA[java.lang.AssertionError: expected [Por favor ingrese el APIS/TSA en la reserva] but found [La reserva no tiene cupo confirmado]
at org.testng.Assert.fail(Assert.java:110)
at org.testng.Assert.failNotEquals(Assert.java:1577)
at org.testng.Assert.assertEqualsImpl(Assert.java:149)
at org.testng.Assert.assertEquals(Assert.java:131)
at org.testng.Assert.assertEquals(Assert.java:655)
at org.testng.Assert.assertEquals(Assert.java:665)
at steps.ReglaItinerarioSteps.aparece_pop_up_con_mensaje(ReglaItinerarioSteps.java:94)
at ✽.Aparece popUp con Mensaje "Por favor ingrese el APIS/TSA en la reserva"(file:///C:/Users/mortegabuitr/eclipse-workspace/payment_collector/src/test/resources/features/reglasValidacion/HU06_APIS_TSA.feature:12)
]]>
    </failure>
  </testcase> <!-- runScenario -->
  <system-out/>
  <testcase classname="runner.RunCukesTest" name="runScenario" time="66.450">
    <failure message="expected [Por favor ingrese el APIS/TSA en la reserva] but found [La reserva no tiene cupo confirmado]" type="java.lang.AssertionError">
      <![CDATA[java.lang.AssertionError: expected [Por favor ingrese el APIS/TSA en la reserva] but found [La reserva no tiene cupo confirmado]
at org.testng.Assert.fail(Assert.java:110)
at org.testng.Assert.failNotEquals(Assert.java:1577)
at org.testng.Assert.assertEqualsImpl(Assert.java:149)
at org.testng.Assert.assertEquals(Assert.java:131)
at org.testng.Assert.assertEquals(Assert.java:655)
at org.testng.Assert.assertEquals(Assert.java:665)
at steps.ReglaItinerarioSteps.aparece_pop_up_con_mensaje(ReglaItinerarioSteps.java:94)
at ✽.Aparece popUp con Mensaje "Por favor ingrese el APIS/TSA en la reserva"(file:///C:/Users/mortegabuitr/eclipse-workspace/payment_collector/src/test/resources/features/reglasValidacion/HU06_APIS_TSA.feature:12)
]]>
    </failure>
  </testcase> <!-- runScenario -->
  <system-out/>
</testsuite> <!-- runner.RunCukesTest -->
