<?xml version="1.0" encoding="UTF-8"?>
<!-- Generated by org.testng.reporters.JUnitReportReporter -->
<testsuite hostname="US-PF2HMW22" failures="0" tests="1" name="runner.RunCukesTest" time="68.257" errors="0" timestamp="2023-04-04T13:28:10 COT" skipped="0">
  <testcase classname="runner.RunCukesTest" name="runScenario" time="68.257"/>
  <system-out/>
</testsuite> <!-- runner.RunCukesTest -->
