<?xml version="1.0" encoding="UTF-8"?>
<!-- Generated by org.testng.reporters.JUnitReportReporter -->
<testsuite hostname="US-PF2HMW22" failures="3" tests="7" name="runner.RunCukesTest" time="497.518" errors="0" timestamp="2023-04-12T08:47:00 COT" skipped="0">
  <testcase classname="runner.RunCukesTest" name="runScenario" time="67.515"/>
  <system-out/>
  <testcase classname="runner.RunCukesTest" name="runScenario" time="78.772">
    <failure message="expected [Por favor ingresa el APIS/TSA en la reserva] but found [Valida el OID de la cotización y vuelve a intentarlo]" type="java.lang.AssertionError">
      <![CDATA[java.lang.AssertionError: expected [Por favor ingresa el APIS/TSA en la reserva] but found [Valida el OID de la cotización y vuelve a intentarlo]
at org.testng.Assert.fail(Assert.java:110)
at org.testng.Assert.failNotEquals(Assert.java:1577)
at org.testng.Assert.assertEqualsImpl(Assert.java:149)
at org.testng.Assert.assertEquals(Assert.java:131)
at org.testng.Assert.assertEquals(Assert.java:655)
at org.testng.Assert.assertEquals(Assert.java:665)
at steps.ReglaItinerarioSteps.aparece_pop_up_con_mensaje(ReglaItinerarioSteps.java:88)
at ✽.Aparece popUp con Mensaje "Por favor ingresa el APIS/TSA en la reserva"(file:///C:/Users/mortegabuitr/eclipse-workspace/payment_collector/src/test/resources/features/reglasValidacion/HU06_APIS_TSA.feature:12)
]]>
    </failure>
  </testcase> <!-- runScenario -->
  <system-out/>
  <testcase classname="runner.RunCukesTest" name="runScenario" time="68.706">
    <failure message="expected [Por favor ingresa el APIS/TSA en la reserva] but found [Valida el OID de la cotización y vuelve a intentarlo]" type="java.lang.AssertionError">
      <![CDATA[java.lang.AssertionError: expected [Por favor ingresa el APIS/TSA en la reserva] but found [Valida el OID de la cotización y vuelve a intentarlo]
at org.testng.Assert.fail(Assert.java:110)
at org.testng.Assert.failNotEquals(Assert.java:1577)
at org.testng.Assert.assertEqualsImpl(Assert.java:149)
at org.testng.Assert.assertEquals(Assert.java:131)
at org.testng.Assert.assertEquals(Assert.java:655)
at org.testng.Assert.assertEquals(Assert.java:665)
at steps.ReglaItinerarioSteps.aparece_pop_up_con_mensaje(ReglaItinerarioSteps.java:88)
at ✽.Aparece popUp con Mensaje "Por favor ingresa el APIS/TSA en la reserva"(file:///C:/Users/mortegabuitr/eclipse-workspace/payment_collector/src/test/resources/features/reglasValidacion/HU06_APIS_TSA.feature:12)
]]>
    </failure>
  </testcase> <!-- runScenario -->
  <system-out/>
  <testcase classname="runner.RunCukesTest" name="runScenario" time="67.652"/>
  <system-out/>
  <testcase classname="runner.RunCukesTest" name="runScenario" time="69.705"/>
  <system-out/>
  <testcase classname="runner.RunCukesTest" name="runScenario" time="77.547">
    <failure message="expected [Por favor ingresa el APIS/TSA en la reserva] but found [Valida el OID de la cotización y vuelve a intentarlo]" type="java.lang.AssertionError">
      <![CDATA[java.lang.AssertionError: expected [Por favor ingresa el APIS/TSA en la reserva] but found [Valida el OID de la cotización y vuelve a intentarlo]
at org.testng.Assert.fail(Assert.java:110)
at org.testng.Assert.failNotEquals(Assert.java:1577)
at org.testng.Assert.assertEqualsImpl(Assert.java:149)
at org.testng.Assert.assertEquals(Assert.java:131)
at org.testng.Assert.assertEquals(Assert.java:655)
at org.testng.Assert.assertEquals(Assert.java:665)
at steps.ReglaItinerarioSteps.aparece_pop_up_con_mensaje(ReglaItinerarioSteps.java:88)
at ✽.Aparece popUp con Mensaje "Por favor ingresa el APIS/TSA en la reserva"(file:///C:/Users/mortegabuitr/eclipse-workspace/payment_collector/src/test/resources/features/reglasValidacion/HU06_APIS_TSA.feature:12)
]]>
    </failure>
  </testcase> <!-- runScenario -->
  <system-out/>
  <testcase classname="runner.RunCukesTest" name="runScenario" time="67.621"/>
  <system-out/>
</testsuite> <!-- runner.RunCukesTest -->
